  已複製 0 個檔案
  Timer.cpp
  SimpleConfig.cpp
  Camera.cpp
  Trajectory.cpp
  Simulator.cpp
  QuadDynamics.cpp
  BaseDynamics.cpp
  QuadEstimatorEKF.cpp
c:\users\thhuang\pycharmprojects\fcnd\course04\estimation-project\src\quadestimatorekf.cpp(178): warning C4244: '+=': 將 'double' 轉換為 'float'，由於類型不同，可能導致資料遺失
c:\users\thhuang\pycharmprojects\fcnd\course04\estimation-project\src\quadestimatorekf.cpp(328): warning C4305: '-=': 從 'double' 轉換為 'float'，是由較大的類型轉換為較小的類型，可能導致資料遺失
c:\users\thhuang\pycharmprojects\fcnd\course04\estimation-project\src\quadestimatorekf.cpp(330): warning C4305: '+=': 從 'double' 轉換為 'float'，是由較大的類型轉換為較小的類型，可能導致資料遺失
  QuadControl.cpp
c:\users\thhuang\pycharmprojects\fcnd\course04\estimation-project\src\quadcontrol.cpp(213): warning C4244: '正在初始化': 將 'double' 轉換為 'float'，由於類型不同，可能導致資料遺失
c:\users\thhuang\pycharmprojects\fcnd\course04\estimation-project\src\quadcontrol.cpp(213): warning C4244: '正在初始化': 將 'double' 轉換為 'const float'，由於類型不同，可能導致資料遺失
  PracticalSocket.cpp
c:\users\thhuang\pycharmprojects\fcnd\course04\estimation-project\src\mavlinknode\practicalsocket.cpp(114): warning C4244: '=': 將 'SOCKET' 轉換為 'int'，由於類型不同，可能導致資料遺失
c:\users\thhuang\pycharmprojects\fcnd\course04\estimation-project\src\mavlinknode\practicalsocket.cpp(285): warning C4244: '=': 將 'SOCKET' 轉換為 'int'，由於類型不同，可能導致資料遺失
  MavlinkTranslation.cpp
c:\users\thhuang\pycharmprojects\fcnd\course04\estimation-project\lib\mavlink\mavlink_types.h : warning C4819: 檔案含有無法在目前字碼頁 (950) 中表示的字元。請以 Unicode 格式儲存檔案以防止資料遺失
  MavlinkNode.cpp
c:\users\thhuang\pycharmprojects\fcnd\course04\estimation-project\lib\mavlink\mavlink_types.h : warning C4819: 檔案含有無法在目前字碼頁 (950) 中表示的字元。請以 Unicode 格式儲存檔案以防止資料遺失
  Random.cpp
  Geometry.cpp
  main.cpp
c:\users\thhuang\pycharmprojects\fcnd\course04\estimation-project\lib\mavlink\mavlink_types.h : warning C4819: 檔案含有無法在目前字碼頁 (950) 中表示的字元。請以 Unicode 格式儲存檔案以防止資料遺失
  Visualizer_GLUT.cpp
  GraphManager.cpp
  Graph.cpp
  GLUTMenu.cpp
  DrawingFuncs.cpp
  正在產生程式碼...
  正在編譯...
  ColorUtils.cpp
  BaseQuadEstimator.cpp
  BaseController.cpp
  正在產生程式碼...
  LINK : 最後的累加連結找不到或未建置 C:\Users\thhuang\PycharmProjects\fcnd\Course04\Estimation-Project\project\x64\Debug\Simulator.exe，正在執行完整連結
  Simulator.vcxproj -> C:\Users\thhuang\PycharmProjects\fcnd\Course04\Estimation-Project\project\x64\Debug\Simulator.exe
